/Users/vascobotelhodacosta/Morgan/desktop_server.py:1143: DeprecationWarning: 
        on_event is deprecated, use lifespan event handlers instead.

        Read more about it in the
        [FastAPI docs for Lifespan Events](https://fastapi.tiangolo.com/advanced/events/).
        
  @app.on_event("startup")
INFO:     Started server process [25227]
INFO:     Waiting for application startup.
INFO:     Application startup complete.
INFO:     Uvicorn running on http://0.0.0.0:8765 (Press CTRL+C to quit)
INFO:     127.0.0.1:49698 - "GET /api/push/vapid-public-key HTTP/1.1" 200 OK
INFO:     127.0.0.1:49706 - "GET /pwa/ HTTP/1.1" 200 OK
INFO:     127.0.0.1:49706 - "GET /favicon.ico HTTP/1.1" 404 Not Found
INFO:     127.0.0.1:49708 - "GET /favicon.ico HTTP/1.1" 404 Not Found
INFO:     127.0.0.1:49721 - "GET /api/push/vapid-public-key HTTP/1.1" 200 OK
INFO:     127.0.0.1:49723 - "POST /api/push/test HTTP/1.1" 200 OK
INFO:     127.0.0.1:49725 - "POST /api/push/subscribe HTTP/1.1" 200 OK
INFO:     127.0.0.1:60369 - "HEAD /app/ HTTP/1.1" 404 Not Found
INFO:     127.0.0.1:60380 - "GET /app/ HTTP/1.1" 404 Not Found
INFO:     Shutting down
INFO:     Waiting for application shutdown.
INFO:     Application shutdown complete.
INFO:     Finished server process [25227]
/Users/vascobotelhodacosta/Morgan/desktop_server.py:1659: DeprecationWarning: 
        on_event is deprecated, use lifespan event handlers instead.

        Read more about it in the
        [FastAPI docs for Lifespan Events](https://fastapi.tiangolo.com/advanced/events/).
        
  @app.on_event("startup")
INFO:     Started server process [33866]
INFO:     Waiting for application startup.
INFO:     Application startup complete.
INFO:     Uvicorn running on http://0.0.0.0:8765 (Press CTRL+C to quit)
INFO:     127.0.0.1:60407 - "GET /app/ HTTP/1.1" 200 OK
[BOT] Erro no ciclo: ccxt não instalado. Corre: pip install ccxt
INFO:     127.0.0.1:60416 - "GET /app/ HTTP/1.1" 200 OK
INFO:     127.0.0.1:60418 - "GET /app/ HTTP/1.1" 200 OK
INFO:     127.0.0.1:60436 - "GET /app/ HTTP/1.1" 200 OK
[BOT] Erro no ciclo: ccxt não instalado. Corre: pip install ccxt
[BOT] Erro no ciclo: ccxt não instalado. Corre: pip install ccxt
[BOT] Erro no ciclo: ccxt não instalado. Corre: pip install ccxt
[BOT] Erro no ciclo: ccxt não instalado. Corre: pip install ccxt
[BOT] Erro no ciclo: ccxt não instalado. Corre: pip install ccxt
[BOT] Erro no ciclo: ccxt não instalado. Corre: pip install ccxt
[BOT] Erro no ciclo: ccxt não instalado. Corre: pip install ccxt
[BOT] Erro no ciclo: ccxt não instalado. Corre: pip install ccxt
[BOT] Erro no ciclo: ccxt não instalado. Corre: pip install ccxt
[BOT] Erro no ciclo: ccxt não instalado. Corre: pip install ccxt
[BOT] Erro no ciclo: ccxt não instalado. Corre: pip install ccxt
[heartbeat] erro: sequence item 0: expected str instance, dict found
[heartbeat] erro: sequence item 0: expected str instance, dict found
[heartbeat] erro: sequence item 0: expected str instance, dict found
[heartbeat] erro: sequence item 0: expected str instance, dict found
[heartbeat] erro: sequence item 0: expected str instance, dict found
[heartbeat] erro: sequence item 0: expected str instance, dict found
[heartbeat] erro: sequence item 0: expected str instance, dict found
[heartbeat] erro: sequence item 0: expected str instance, dict found
[heartbeat] erro: sequence item 0: expected str instance, dict found
[heartbeat] erro: sequence item 0: expected str instance, dict found
[heartbeat] erro: sequence item 0: expected str instance, dict found
[heartbeat] erro: sequence item 0: expected str instance, dict found
[heartbeat] erro: sequence item 0: expected str instance, dict found
[heartbeat] erro: sequence item 0: expected str instance, dict found
[heartbeat] erro: sequence item 0: expected str instance, dict found
[heartbeat] erro: sequence item 0: expected str instance, dict found
[heartbeat] erro: sequence item 0: expected str instance, dict found
[heartbeat] erro: sequence item 0: expected str instance, dict found
[heartbeat] erro: sequence item 0: expected str instance, dict found
[heartbeat] erro: sequence item 0: expected str instance, dict found
[heartbeat] erro: sequence item 0: expected str instance, dict found
[heartbeat] erro: sequence item 0: expected str instance, dict found
[heartbeat] erro: sequence item 0: expected str instance, dict found
[heartbeat] erro: sequence item 0: expected str instance, dict found
[heartbeat] erro: sequence item 0: expected str instance, dict found
[heartbeat] erro: sequence item 0: expected str instance, dict found
[heartbeat] erro: sequence item 0: expected str instance, dict found
[heartbeat] erro: sequence item 0: expected str instance, dict found
[heartbeat] erro: sequence item 0: expected str instance, dict found
[heartbeat] erro: sequence item 0: expected str instance, dict found
[heartbeat] erro: sequence item 0: expected str instance, dict found
[heartbeat] erro: sequence item 0: expected str instance, dict found
[heartbeat] erro: sequence item 0: expected str instance, dict found
[heartbeat] erro: sequence item 0: expected str instance, dict found
[heartbeat] erro: sequence item 0: expected str instance, dict found
[heartbeat] erro: sequence item 0: expected str instance, dict found
[heartbeat] erro: sequence item 0: expected str instance, dict found
[heartbeat] erro: sequence item 0: expected str instance, dict found
[heartbeat] erro: sequence item 0: expected str instance, dict found
[heartbeat] erro: sequence item 0: expected str instance, dict found
[heartbeat] erro: sequence item 0: expected str instance, dict found
[heartbeat] erro: sequence item 0: expected str instance, dict found
[heartbeat] erro: sequence item 0: expected str instance, dict found
[heartbeat] erro: sequence item 0: expected str instance, dict found
[heartbeat] erro: sequence item 0: expected str instance, dict found
[heartbeat] erro: sequence item 0: expected str instance, dict found
[heartbeat] erro: sequence item 0: expected str instance, dict found
[heartbeat] erro: sequence item 0: expected str instance, dict found
[heartbeat] erro: sequence item 0: expected str instance, dict found
[heartbeat] erro: sequence item 0: expected str instance, dict found
[heartbeat] erro: sequence item 0: expected str instance, dict found
[heartbeat] erro: sequence item 0: expected str instance, dict found
[heartbeat] erro: sequence item 0: expected str instance, dict found
[heartbeat] erro: sequence item 0: expected str instance, dict found
[heartbeat] erro: sequence item 0: expected str instance, dict found
[heartbeat] erro: sequence item 0: expected str instance, dict found
[heartbeat] erro: sequence item 0: expected str instance, dict found
[heartbeat] erro: sequence item 0: expected str instance, dict found
[heartbeat] erro: sequence item 0: expected str instance, dict found
[BOT] Erro no ciclo: ccxt não instalado. Corre: pip install ccxt
[BOT] Erro no ciclo: ccxt não instalado. Corre: pip install ccxt
[BOT] Erro no ciclo: ccxt não instalado. Corre: pip install ccxt
[BOT] Erro no ciclo: ccxt não instalado. Corre: pip install ccxt
[BOT] Erro no ciclo: ccxt não instalado. Corre: pip install ccxt
[BOT] Erro no ciclo: ccxt não instalado. Corre: pip install ccxt
[BOT] Erro no ciclo: ccxt não instalado. Corre: pip install ccxt
[BOT] Erro no ciclo: ccxt não instalado. Corre: pip install ccxt
[trading_bot] erro no ciclo: Expecting value: line 1 column 1 (char 0)
[heartbeat] erro: sequence item 0: expected str instance, dict found
[heartbeat] erro: sequence item 0: expected str instance, dict found
[heartbeat] erro: sequence item 0: expected str instance, dict found
[heartbeat] erro: sequence item 0: expected str instance, dict found
[heartbeat] erro: sequence item 0: expected str instance, dict found
[heartbeat] erro: sequence item 0: expected str instance, dict found
[heartbeat] erro: sequence item 0: expected str instance, dict found
[heartbeat] erro: sequence item 0: expected str instance, dict found
[heartbeat] erro: sequence item 0: expected str instance, dict found
[heartbeat] erro: sequence item 0: expected str instance, dict found
[heartbeat] erro: sequence item 0: expected str instance, dict found
[heartbeat] erro: sequence item 0: expected str instance, dict found
[heartbeat] erro: sequence item 0: expected str instance, dict found
[heartbeat] erro: sequence item 0: expected str instance, dict found
[heartbeat] erro: sequence item 0: expected str instance, dict found
[heartbeat] erro: sequence item 0: expected str instance, dict found
[heartbeat] erro: sequence item 0: expected str instance, dict found
[heartbeat] erro: sequence item 0: expected str instance, dict found
[heartbeat] erro: sequence item 0: expected str instance, dict found
[heartbeat] erro: sequence item 0: expected str instance, dict found
[heartbeat] erro: sequence item 0: expected str instance, dict found
[heartbeat] erro: sequence item 0: expected str instance, dict found
[heartbeat] erro: sequence item 0: expected str instance, dict found
[heartbeat] erro: sequence item 0: expected str instance, dict found
[heartbeat] erro: sequence item 0: expected str instance, dict found
[heartbeat] erro: sequence item 0: expected str instance, dict found
[heartbeat] erro: sequence item 0: expected str instance, dict found
[heartbeat] erro: sequence item 0: expected str instance, dict found
[heartbeat] erro: sequence item 0: expected str instance, dict found
[heartbeat] erro: sequence item 0: expected str instance, dict found
[heartbeat] erro: sequence item 0: expected str instance, dict found
[heartbeat] erro: sequence item 0: expected str instance, dict found
[heartbeat] erro: sequence item 0: expected str instance, dict found
[heartbeat] erro: sequence item 0: expected str instance, dict found
[heartbeat] erro: sequence item 0: expected str instance, dict found
[heartbeat] erro: sequence item 0: expected str instance, dict found
[heartbeat] erro: sequence item 0: expected str instance, dict found
[heartbeat] erro: sequence item 0: expected str instance, dict found
[heartbeat] erro: sequence item 0: expected str instance, dict found
[heartbeat] erro: sequence item 0: expected str instance, dict found
[heartbeat] erro: sequence item 0: expected str instance, dict found
[heartbeat] erro: sequence item 0: expected str instance, dict found
[heartbeat] erro: sequence item 0: expected str instance, dict found
[heartbeat] erro: sequence item 0: expected str instance, dict found
[heartbeat] erro: sequence item 0: expected str instance, dict found
[heartbeat] erro: sequence item 0: expected str instance, dict found
[heartbeat] erro: sequence item 0: expected str instance, dict found
[heartbeat] erro: sequence item 0: expected str instance, dict found
[heartbeat] erro: sequence item 0: expected str instance, dict found
[heartbeat] erro: sequence item 0: expected str instance, dict found
[heartbeat] erro: sequence item 0: expected str instance, dict found
[heartbeat] erro: sequence item 0: expected str instance, dict found
[heartbeat] erro: sequence item 0: expected str instance, dict found
[heartbeat] erro: sequence item 0: expected str instance, dict found
[heartbeat] erro: sequence item 0: expected str instance, dict found
[heartbeat] erro: sequence item 0: expected str instance, dict found
[heartbeat] erro: sequence item 0: expected str instance, dict found
[heartbeat] erro: sequence item 0: expected str instance, dict found
[heartbeat] erro: sequence item 0: expected str instance, dict found
[heartbeat] erro: sequence item 0: expected str instance, dict found
[BOT] Erro no ciclo: ccxt não instalado. Corre: pip install ccxt
[BOT] Erro no ciclo: ccxt não instalado. Corre: pip install ccxt
[BOT] Erro no ciclo: ccxt não instalado. Corre: pip install ccxt
[BOT] Erro no ciclo: ccxt não instalado. Corre: pip install ccxt
[BOT] Erro no ciclo: ccxt não instalado. Corre: pip install ccxt
[BOT] Erro no ciclo: ccxt não instalado. Corre: pip install ccxt
[BOT] Erro no ciclo: ccxt não instalado. Corre: pip install ccxt
[BOT] Erro no ciclo: ccxt não instalado. Corre: pip install ccxt
[BOT] Erro no ciclo: ccxt não instalado. Corre: pip install ccxt
[BOT] Erro no ciclo: ccxt não instalado. Corre: pip install ccxt
[BOT] Erro no ciclo: ccxt não instalado. Corre: pip install ccxt
[BOT] Erro no ciclo: ccxt não instalado. Corre: pip install ccxt
[BOT] Erro no ciclo: ccxt não instalado. Corre: pip install ccxt
[heartbeat] erro: sequence item 0: expected str instance, dict found
[heartbeat] erro: sequence item 0: expected str instance, dict found
[heartbeat] erro: sequence item 0: expected str instance, dict found
[heartbeat] erro: sequence item 0: expected str instance, dict found
[heartbeat] erro: sequence item 0: expected str instance, dict found
[heartbeat] erro: sequence item 0: expected str instance, dict found
[heartbeat] erro: sequence item 0: expected str instance, dict found
[heartbeat] erro: sequence item 0: expected str instance, dict found
[heartbeat] erro: sequence item 0: expected str instance, dict found
[heartbeat] erro: sequence item 0: expected str instance, dict found
[heartbeat] erro: sequence item 0: expected str instance, dict found
[heartbeat] erro: sequence item 0: expected str instance, dict found
[heartbeat] erro: sequence item 0: expected str instance, dict found
[heartbeat] erro: sequence item 0: expected str instance, dict found
[heartbeat] erro: sequence item 0: expected str instance, dict found
[heartbeat] erro: sequence item 0: expected str instance, dict found
[heartbeat] erro: sequence item 0: expected str instance, dict found
[heartbeat] erro: sequence item 0: expected str instance, dict found
[heartbeat] erro: sequence item 0: expected str instance, dict found
[heartbeat] erro: sequence item 0: expected str instance, dict found
[heartbeat] erro: sequence item 0: expected str instance, dict found
[heartbeat] erro: sequence item 0: expected str instance, dict found
[heartbeat] erro: sequence item 0: expected str instance, dict found
[heartbeat] erro: sequence item 0: expected str instance, dict found
[heartbeat] erro: sequence item 0: expected str instance, dict found
[heartbeat] erro: sequence item 0: expected str instance, dict found
[heartbeat] erro: sequence item 0: expected str instance, dict found
[heartbeat] erro: sequence item 0: expected str instance, dict found
[heartbeat] erro: sequence item 0: expected str instance, dict found
[heartbeat] erro: sequence item 0: expected str instance, dict found
[heartbeat] erro: sequence item 0: expected str instance, dict found
[heartbeat] erro: sequence item 0: expected str instance, dict found
[heartbeat] erro: sequence item 0: expected str instance, dict found
[heartbeat] erro: sequence item 0: expected str instance, dict found
[heartbeat] erro: sequence item 0: expected str instance, dict found
[heartbeat] erro: sequence item 0: expected str instance, dict found
[heartbeat] erro: sequence item 0: expected str instance, dict found
[heartbeat] erro: sequence item 0: expected str instance, dict found
[heartbeat] erro: sequence item 0: expected str instance, dict found
[heartbeat] erro: sequence item 0: expected str instance, dict found
[heartbeat] erro: sequence item 0: expected str instance, dict found
[heartbeat] erro: sequence item 0: expected str instance, dict found
[heartbeat] erro: sequence item 0: expected str instance, dict found
[heartbeat] erro: sequence item 0: expected str instance, dict found
[heartbeat] erro: sequence item 0: expected str instance, dict found
[heartbeat] erro: sequence item 0: expected str instance, dict found
[heartbeat] erro: sequence item 0: expected str instance, dict found
[heartbeat] erro: sequence item 0: expected str instance, dict found
[heartbeat] erro: sequence item 0: expected str instance, dict found
[heartbeat] erro: sequence item 0: expected str instance, dict found
[heartbeat] erro: sequence item 0: expected str instance, dict found
[heartbeat] erro: sequence item 0: expected str instance, dict found
[heartbeat] erro: sequence item 0: expected str instance, dict found
[heartbeat] erro: sequence item 0: expected str instance, dict found
[heartbeat] erro: sequence item 0: expected str instance, dict found
[heartbeat] erro: sequence item 0: expected str instance, dict found
[heartbeat] erro: sequence item 0: expected str instance, dict found
[heartbeat] erro: sequence item 0: expected str instance, dict found
[heartbeat] erro: sequence item 0: expected str instance, dict found
[BOT] Erro no ciclo: ccxt não instalado. Corre: pip install ccxt
[BOT] Erro no ciclo: ccxt não instalado. Corre: pip install ccxt
[BOT] Erro no ciclo: ccxt não instalado. Corre: pip install ccxt
[BOT] Erro no ciclo: ccxt não instalado. Corre: pip install ccxt
[BOT] Erro no ciclo: ccxt não instalado. Corre: pip install ccxt
[BOT] Erro no ciclo: ccxt não instalado. Corre: pip install ccxt
[BOT] Erro no ciclo: ccxt não instalado. Corre: pip install ccxt
[BOT] Erro no ciclo: ccxt não instalado. Corre: pip install ccxt
[heartbeat] erro: sequence item 0: expected str instance, dict found
[heartbeat] erro: sequence item 0: expected str instance, dict found
[heartbeat] erro: sequence item 0: expected str instance, dict found
[heartbeat] erro: sequence item 0: expected str instance, dict found
[heartbeat] erro: sequence item 0: expected str instance, dict found
[heartbeat] erro: sequence item 0: expected str instance, dict found
[heartbeat] erro: sequence item 0: expected str instance, dict found
[heartbeat] erro: sequence item 0: expected str instance, dict found
[heartbeat] erro: sequence item 0: expected str instance, dict found
[heartbeat] erro: sequence item 0: expected str instance, dict found
[heartbeat] erro: sequence item 0: expected str instance, dict found
[heartbeat] erro: sequence item 0: expected str instance, dict found
[heartbeat] erro: sequence item 0: expected str instance, dict found
[heartbeat] erro: sequence item 0: expected str instance, dict found
[heartbeat] erro: sequence item 0: expected str instance, dict found
[heartbeat] erro: sequence item 0: expected str instance, dict found
[heartbeat] erro: sequence item 0: expected str instance, dict found
[heartbeat] erro: sequence item 0: expected str instance, dict found
[heartbeat] erro: sequence item 0: expected str instance, dict found
[heartbeat] erro: sequence item 0: expected str instance, dict found
[heartbeat] erro: sequence item 0: expected str instance, dict found
[heartbeat] erro: sequence item 0: expected str instance, dict found
[heartbeat] erro: sequence item 0: expected str instance, dict found
[heartbeat] erro: sequence item 0: expected str instance, dict found
[heartbeat] erro: sequence item 0: expected str instance, dict found
[heartbeat] erro: sequence item 0: expected str instance, dict found
[heartbeat] erro: sequence item 0: expected str instance, dict found
[heartbeat] erro: sequence item 0: expected str instance, dict found
[heartbeat] erro: sequence item 0: expected str instance, dict found
[heartbeat] erro: sequence item 0: expected str instance, dict found
[heartbeat] erro: sequence item 0: expected str instance, dict found
[heartbeat] erro: sequence item 0: expected str instance, dict found
[heartbeat] erro: sequence item 0: expected str instance, dict found
[heartbeat] erro: sequence item 0: expected str instance, dict found
[heartbeat] erro: sequence item 0: expected str instance, dict found
[heartbeat] erro: sequence item 0: expected str instance, dict found
[heartbeat] erro: sequence item 0: expected str instance, dict found
[heartbeat] erro: sequence item 0: expected str instance, dict found
[heartbeat] erro: sequence item 0: expected str instance, dict found
[heartbeat] erro: sequence item 0: expected str instance, dict found
[heartbeat] erro: sequence item 0: expected str instance, dict found
[heartbeat] erro: sequence item 0: expected str instance, dict found
[heartbeat] erro: sequence item 0: expected str instance, dict found
[heartbeat] erro: sequence item 0: expected str instance, dict found
[heartbeat] erro: sequence item 0: expected str instance, dict found
[heartbeat] erro: sequence item 0: expected str instance, dict found
[heartbeat] erro: sequence item 0: expected str instance, dict found
[heartbeat] erro: sequence item 0: expected str instance, dict found
[heartbeat] erro: sequence item 0: expected str instance, dict found
[heartbeat] erro: sequence item 0: expected str instance, dict found
[heartbeat] erro: sequence item 0: expected str instance, dict found
[heartbeat] erro: sequence item 0: expected str instance, dict found
[heartbeat] erro: sequence item 0: expected str instance, dict found
[heartbeat] erro: sequence item 0: expected str instance, dict found
[heartbeat] erro: sequence item 0: expected str instance, dict found
[heartbeat] erro: sequence item 0: expected str instance, dict found
[heartbeat] erro: sequence item 0: expected str instance, dict found
[heartbeat] erro: sequence item 0: expected str instance, dict found
[heartbeat] erro: sequence item 0: expected str instance, dict found
[heartbeat] erro: sequence item 0: expected str instance, dict found
[BOT] Erro no ciclo: ccxt não instalado. Corre: pip install ccxt
[BOT] Erro no ciclo: ccxt não instalado. Corre: pip install ccxt
[BOT] Erro no ciclo: ccxt não instalado. Corre: pip install ccxt
[BOT] Erro no ciclo: ccxt não instalado. Corre: pip install ccxt
[BOT] Erro no ciclo: ccxt não instalado. Corre: pip install ccxt
[BOT] Erro no ciclo: ccxt não instalado. Corre: pip install ccxt
[BOT] Erro no ciclo: ccxt não instalado. Corre: pip install ccxt
[BOT] Erro no ciclo: ccxt não instalado. Corre: pip install ccxt
[BOT] Erro no ciclo: ccxt não instalado. Corre: pip install ccxt
[BOT] Erro no ciclo: ccxt não instalado. Corre: pip install ccxt
[BOT] Erro no ciclo: ccxt não instalado. Corre: pip install ccxt
[BOT] Erro no ciclo: ccxt não instalado. Corre: pip install ccxt
[BOT] Erro no ciclo: ccxt não instalado. Corre: pip install ccxt
[heartbeat] erro: sequence item 0: expected str instance, dict found
[heartbeat] erro: sequence item 0: expected str instance, dict found
[heartbeat] erro: sequence item 0: expected str instance, dict found
[heartbeat] erro: sequence item 0: expected str instance, dict found
[heartbeat] erro: sequence item 0: expected str instance, dict found
[heartbeat] erro: sequence item 0: expected str instance, dict found
[heartbeat] erro: sequence item 0: expected str instance, dict found
[heartbeat] erro: sequence item 0: expected str instance, dict found
[heartbeat] erro: sequence item 0: expected str instance, dict found
[heartbeat] erro: sequence item 0: expected str instance, dict found
[heartbeat] erro: sequence item 0: expected str instance, dict found
[heartbeat] erro: sequence item 0: expected str instance, dict found
[heartbeat] erro: sequence item 0: expected str instance, dict found
[heartbeat] erro: sequence item 0: expected str instance, dict found
[heartbeat] erro: sequence item 0: expected str instance, dict found
[heartbeat] erro: sequence item 0: expected str instance, dict found
[heartbeat] erro: sequence item 0: expected str instance, dict found
[heartbeat] erro: sequence item 0: expected str instance, dict found
[heartbeat] erro: sequence item 0: expected str instance, dict found
[heartbeat] erro: sequence item 0: expected str instance, dict found
[heartbeat] erro: sequence item 0: expected str instance, dict found
[heartbeat] erro: sequence item 0: expected str instance, dict found
[heartbeat] erro: sequence item 0: expected str instance, dict found
[heartbeat] erro: sequence item 0: expected str instance, dict found
[heartbeat] erro: sequence item 0: expected str instance, dict found
[heartbeat] erro: sequence item 0: expected str instance, dict found
[heartbeat] erro: sequence item 0: expected str instance, dict found
[heartbeat] erro: sequence item 0: expected str instance, dict found
[heartbeat] erro: sequence item 0: expected str instance, dict found
[heartbeat] erro: sequence item 0: expected str instance, dict found
[heartbeat] erro: sequence item 0: expected str instance, dict found
[heartbeat] erro: sequence item 0: expected str instance, dict found
[heartbeat] erro: sequence item 0: expected str instance, dict found
[heartbeat] erro: sequence item 0: expected str instance, dict found
[heartbeat] erro: sequence item 0: expected str instance, dict found
[heartbeat] erro: sequence item 0: expected str instance, dict found
[heartbeat] erro: sequence item 0: expected str instance, dict found
[heartbeat] erro: sequence item 0: expected str instance, dict found
[heartbeat] erro: sequence item 0: expected str instance, dict found
[heartbeat] erro: sequence item 0: expected str instance, dict found
[heartbeat] erro: sequence item 0: expected str instance, dict found
[heartbeat] erro: sequence item 0: expected str instance, dict found
[heartbeat] erro: sequence item 0: expected str instance, dict found
[heartbeat] erro: sequence item 0: expected str instance, dict found
[heartbeat] erro: sequence item 0: expected str instance, dict found
[heartbeat] erro: sequence item 0: expected str instance, dict found
[heartbeat] erro: sequence item 0: expected str instance, dict found
[heartbeat] erro: sequence item 0: expected str instance, dict found
[heartbeat] erro: sequence item 0: expected str instance, dict found
[heartbeat] erro: sequence item 0: expected str instance, dict found
[heartbeat] erro: sequence item 0: expected str instance, dict found
[heartbeat] erro: sequence item 0: expected str instance, dict found
[heartbeat] erro: sequence item 0: expected str instance, dict found
[heartbeat] erro: sequence item 0: expected str instance, dict found
[heartbeat] erro: sequence item 0: expected str instance, dict found
[heartbeat] erro: sequence item 0: expected str instance, dict found
[heartbeat] erro: sequence item 0: expected str instance, dict found
[heartbeat] erro: sequence item 0: expected str instance, dict found
[heartbeat] erro: sequence item 0: expected str instance, dict found
[BOT] Erro no ciclo: ccxt não instalado. Corre: pip install ccxt
[BOT] Erro no ciclo: ccxt não instalado. Corre: pip install ccxt
[BOT] Erro no ciclo: ccxt não instalado. Corre: pip install ccxt
[BOT] Erro no ciclo: ccxt não instalado. Corre: pip install ccxt
[BOT] Erro no ciclo: ccxt não instalado. Corre: pip install ccxt
[BOT] Erro no ciclo: ccxt não instalado. Corre: pip install ccxt
[BOT] Erro no ciclo: ccxt não instalado. Corre: pip install ccxt
[BOT] Erro no ciclo: ccxt não instalado. Corre: pip install ccxt
[BOT] Erro no ciclo: ccxt não instalado. Corre: pip install ccxt
[BOT] Erro no ciclo: ccxt não instalado. Corre: pip install ccxt
[heartbeat] erro: sequence item 0: expected str instance, dict found
[heartbeat] erro: sequence item 0: expected str instance, dict found
[heartbeat] erro: sequence item 0: expected str instance, dict found
[heartbeat] erro: sequence item 0: expected str instance, dict found
[heartbeat] erro: sequence item 0: expected str instance, dict found
[heartbeat] erro: sequence item 0: expected str instance, dict found
[heartbeat] erro: sequence item 0: expected str instance, dict found
[heartbeat] erro: sequence item 0: expected str instance, dict found
[heartbeat] erro: sequence item 0: expected str instance, dict found
[heartbeat] erro: sequence item 0: expected str instance, dict found
[heartbeat] erro: sequence item 0: expected str instance, dict found
[heartbeat] erro: sequence item 0: expected str instance, dict found
[heartbeat] erro: sequence item 0: expected str instance, dict found
[heartbeat] erro: sequence item 0: expected str instance, dict found
[heartbeat] erro: sequence item 0: expected str instance, dict found
[heartbeat] erro: sequence item 0: expected str instance, dict found
[heartbeat] erro: sequence item 0: expected str instance, dict found
[heartbeat] erro: sequence item 0: expected str instance, dict found
[heartbeat] erro: sequence item 0: expected str instance, dict found
[heartbeat] erro: sequence item 0: expected str instance, dict found
[heartbeat] erro: sequence item 0: expected str instance, dict found
[heartbeat] erro: sequence item 0: expected str instance, dict found
[heartbeat] erro: sequence item 0: expected str instance, dict found
[heartbeat] erro: sequence item 0: expected str instance, dict found
[heartbeat] erro: sequence item 0: expected str instance, dict found
[heartbeat] erro: sequence item 0: expected str instance, dict found
[heartbeat] erro: sequence item 0: expected str instance, dict found
[heartbeat] erro: sequence item 0: expected str instance, dict found
[heartbeat] erro: sequence item 0: expected str instance, dict found
[heartbeat] erro: sequence item 0: expected str instance, dict found
[heartbeat] erro: sequence item 0: expected str instance, dict found
[heartbeat] erro: sequence item 0: expected str instance, dict found
[heartbeat] erro: sequence item 0: expected str instance, dict found
[heartbeat] erro: sequence item 0: expected str instance, dict found
[heartbeat] erro: sequence item 0: expected str instance, dict found
[heartbeat] erro: sequence item 0: expected str instance, dict found
[heartbeat] erro: sequence item 0: expected str instance, dict found
[heartbeat] erro: sequence item 0: expected str instance, dict found
[heartbeat] erro: sequence item 0: expected str instance, dict found
[heartbeat] erro: sequence item 0: expected str instance, dict found
[heartbeat] erro: sequence item 0: expected str instance, dict found
[heartbeat] erro: sequence item 0: expected str instance, dict found
[heartbeat] erro: sequence item 0: expected str instance, dict found
[heartbeat] erro: sequence item 0: expected str instance, dict found
[heartbeat] erro: sequence item 0: expected str instance, dict found
[heartbeat] erro: sequence item 0: expected str instance, dict found
[heartbeat] erro: sequence item 0: expected str instance, dict found
[heartbeat] erro: sequence item 0: expected str instance, dict found
[heartbeat] erro: sequence item 0: expected str instance, dict found
[heartbeat] erro: sequence item 0: expected str instance, dict found
[heartbeat] erro: sequence item 0: expected str instance, dict found
[heartbeat] erro: sequence item 0: expected str instance, dict found
[heartbeat] erro: sequence item 0: expected str instance, dict found
[heartbeat] erro: sequence item 0: expected str instance, dict found
[heartbeat] erro: sequence item 0: expected str instance, dict found
[heartbeat] erro: sequence item 0: expected str instance, dict found
[heartbeat] erro: sequence item 0: expected str instance, dict found
[heartbeat] erro: sequence item 0: expected str instance, dict found
[heartbeat] erro: sequence item 0: expected str instance, dict found
[heartbeat] erro: sequence item 0: expected str instance, dict found
[BOT] Erro no ciclo: ccxt não instalado. Corre: pip install ccxt
[BOT] Erro no ciclo: ccxt não instalado. Corre: pip install ccxt
INFO:     127.0.0.1:57983 - "GET / HTTP/1.1" 500 Internal Server Error
ERROR:    Exception in ASGI application
Traceback (most recent call last):
  File "/Users/vascobotelhodacosta/Morgan/venv/lib/python3.12/site-packages/starlette/responses.py", line 349, in __call__
    stat_result = await anyio.to_thread.run_sync(os.stat, self.path)
                  ^^^^^^^^^^^^^^^^^^^^^^^^^^^^^^^^^^^^^^^^^^^^^^^^^^
  File "/Users/vascobotelhodacosta/Morgan/venv/lib/python3.12/site-packages/anyio/to_thread.py", line 63, in run_sync
    return await get_async_backend().run_sync_in_worker_thread(
           ^^^^^^^^^^^^^^^^^^^^^^^^^^^^^^^^^^^^^^^^^^^^^^^^^^^^
  File "/Users/vascobotelhodacosta/Morgan/venv/lib/python3.12/site-packages/anyio/_backends/_asyncio.py", line 2596, in run_sync_in_worker_thread
    return await future
           ^^^^^^^^^^^^
  File "/Users/vascobotelhodacosta/Morgan/venv/lib/python3.12/site-packages/anyio/_backends/_asyncio.py", line 1029, in run
    result = context.run(func, *args)
             ^^^^^^^^^^^^^^^^^^^^^^^^
FileNotFoundError: [Errno 2] No such file or directory: '/Users/vascobotelhodacosta/Morgan/desktop/index_v2.html'

During handling of the above exception, another exception occurred:

Traceback (most recent call last):
  File "/Users/vascobotelhodacosta/Morgan/venv/lib/python3.12/site-packages/uvicorn/protocols/http/h11_impl.py", line 416, in run_asgi
    result = await app(  # type: ignore[func-returns-value]
             ^^^^^^^^^^^^^^^^^^^^^^^^^^^^^^^^^^^^^^^^^^^^^^
  File "/Users/vascobotelhodacosta/Morgan/venv/lib/python3.12/site-packages/uvicorn/middleware/proxy_headers.py", line 63, in __call__
    return await self.app(scope, receive, send)
           ^^^^^^^^^^^^^^^^^^^^^^^^^^^^^^^^^^^^
  File "/Users/vascobotelhodacosta/Morgan/venv/lib/python3.12/site-packages/fastapi/applications.py", line 1163, in __call__
    await super().__call__(scope, receive, send)
  File "/Users/vascobotelhodacosta/Morgan/venv/lib/python3.12/site-packages/starlette/applications.py", line 90, in __call__
    await self.middleware_stack(scope, receive, send)
  File "/Users/vascobotelhodacosta/Morgan/venv/lib/python3.12/site-packages/starlette/middleware/errors.py", line 186, in __call__
    raise exc
  File "/Users/vascobotelhodacosta/Morgan/venv/lib/python3.12/site-packages/starlette/middleware/errors.py", line 164, in __call__
    await self.app(scope, receive, _send)
  File "/Users/vascobotelhodacosta/Morgan/venv/lib/python3.12/site-packages/starlette/middleware/exceptions.py", line 63, in __call__
    await wrap_app_handling_exceptions(self.app, conn)(scope, receive, send)
  File "/Users/vascobotelhodacosta/Morgan/venv/lib/python3.12/site-packages/starlette/_exception_handler.py", line 53, in wrapped_app
    raise exc
  File "/Users/vascobotelhodacosta/Morgan/venv/lib/python3.12/site-packages/starlette/_exception_handler.py", line 42, in wrapped_app
    await app(scope, receive, sender)
  File "/Users/vascobotelhodacosta/Morgan/venv/lib/python3.12/site-packages/fastapi/middleware/asyncexitstack.py", line 18, in __call__
    await self.app(scope, receive, send)
  File "/Users/vascobotelhodacosta/Morgan/venv/lib/python3.12/site-packages/starlette/routing.py", line 660, in __call__
    await self.middleware_stack(scope, receive, send)
  File "/Users/vascobotelhodacosta/Morgan/venv/lib/python3.12/site-packages/fastapi/routing.py", line 2683, in app
    await route.handle(scope, receive, send)
  File "/Users/vascobotelhodacosta/Morgan/venv/lib/python3.12/site-packages/fastapi/routing.py", line 1266, in handle
    await super().handle(scope, receive, send)
  File "/Users/vascobotelhodacosta/Morgan/venv/lib/python3.12/site-packages/starlette/routing.py", line 276, in handle
    await self.app(scope, receive, send)
  File "/Users/vascobotelhodacosta/Morgan/venv/lib/python3.12/site-packages/fastapi/routing.py", line 150, in app
    await wrap_app_handling_exceptions(app, request)(scope, receive, send)
  File "/Users/vascobotelhodacosta/Morgan/venv/lib/python3.12/site-packages/starlette/_exception_handler.py", line 53, in wrapped_app
    raise exc
  File "/Users/vascobotelhodacosta/Morgan/venv/lib/python3.12/site-packages/starlette/_exception_handler.py", line 42, in wrapped_app
    await app(scope, receive, sender)
  File "/Users/vascobotelhodacosta/Morgan/venv/lib/python3.12/site-packages/fastapi/routing.py", line 137, in app
    await response(scope, receive, send)
  File "/Users/vascobotelhodacosta/Morgan/venv/lib/python3.12/site-packages/starlette/responses.py", line 352, in __call__
    raise RuntimeError(f"File at path {self.path} does not exist.")
RuntimeError: File at path /Users/vascobotelhodacosta/Morgan/desktop/index_v2.html does not exist.
INFO:     127.0.0.1:58206 - "GET / HTTP/1.1" 200 OK
[BOT] Erro no ciclo: ccxt não instalado. Corre: pip install ccxt
[BOT] Erro no ciclo: ccxt não instalado. Corre: pip install ccxt
[BOT] Erro no ciclo: ccxt não instalado. Corre: pip install ccxt
[BOT] Erro no ciclo: ccxt não instalado. Corre: pip install ccxt
[BOT] Erro no ciclo: ccxt não instalado. Corre: pip install ccxt
[BOT] Erro no ciclo: ccxt não instalado. Corre: pip install ccxt
[BOT] Erro no ciclo: ccxt não instalado. Corre: pip install ccxt
[BOT] Erro no ciclo: ccxt não instalado. Corre: pip install ccxt
