HEARTBEAT | Iniciado
KILL_SWITCH | Pausado pelo Vasco
MENSAGEM | Quero continuar a saber mais sobre a cidade
RESPOSTA | Precisas de dar-me um pouco mais de contexto, Vasco. 😄

**Sobre que cidade estás a falar?** E o que 
HEARTBEAT | Iniciado
KILL_SWITCH | Retomado pelo Vasco
MENSAGEM | Que conversa estivemos a ter?
TOOL | ver_memoria | {}
RESPOSTA | Vasco, esta é a **primeira conversa** desta sessão — não houve nada antes.

O que tenho guardado sob
HEARTBEAT_CHECK | moreirense_noticias
TOOL | pesquisar_web | {'query': 'Moreirense FC 2026 notícias'}
TOOL | pesquisar_web | {'query': 'Moreirense FC transferências mercado julho 2026'}
TOOL | pesquisar_web | {'query': 'Moreirense FC lesões declarações rumores 2026'}
TOOL | resultados_recentes | {'equipa': 'Moreirense'}
HEARTBEAT_SILENCIO | Aqui tens o resumo das novidades mais relevantes sobre o Mor
TELEGRAM | Polling iniciado
HEARTBEAT | Iniciado — briefings às 7h e 20h, scout aos domingos às 20h
BOT_ERRO | binance {"code":-2015,"msg":"Invalid API-key, IP, or permissions for action."}
BOT_ERRO | binance {"code":-2015,"msg":"Invalid API-key, IP, or permissions for action."}
BOT_ERRO | binance {"code":-2015,"msg":"Invalid API-key, IP, or permissions for action."}
BOT_ERRO | binance {"code":-2015,"msg":"Invalid API-key, IP, or permissions for action."}
TELEGRAM | Polling iniciado
HEARTBEAT | Iniciado — briefings às 7h e 20h, scout aos domingos às 20h
BOT_ERRO | binance {"code":-2015,"msg":"Invalid API-key, IP, or permissions for action."}
BOT_ERRO | binance {"code":-2015,"msg":"Invalid API-key, IP, or permissions for action."}
BOT_RESET_PNL | pnl_today resetado às 7h
BOT_ERRO | binance {"code":-2015,"msg":"Invalid API-key, IP, or permissions for action."}
MENSAGEM | Bom dia morgan
RESPOSTA | Bom dia, Vasco.

Tudo pronto por aqui. Em que posso ajudar?
MENSAGEM | Estás bem? Tiveste 1 boa noite?
RESPOSTA | Estou operacional, obrigado por perguntares.

Noite sem incidentes — nenhum erro crítico, sistema es
BOT_RESET_PNL | pnl_today resetado às 7h
BOT_ERRO | binance {"code":-2015,"msg":"Invalid API-key, IP, or permissions for action."}
BOT_RESET_PNL | pnl_today resetado às 7h
BOT_ERRO | binance {"code":-2015,"msg":"Invalid API-key, IP, or permissions for action."}
BOT_RESET_PNL | pnl_today resetado às 7h
BOT_ERRO | binance {"code":-2015,"msg":"Invalid API-key, IP, or permissions for action."}
BOT_RESET_PNL | pnl_today resetado às 7h
BOT_ERRO | binance {"code":-2015,"msg":"Invalid API-key, IP, or permissions for action."}
BOT_RESET_PNL | pnl_today resetado às 7h
BOT_ERRO | binance {"code":-2015,"msg":"Invalid API-key, IP, or permissions for action."}
BOT_RESET_PNL | pnl_today resetado às 7h
BOT_ERRO | binance {"code":-2015,"msg":"Invalid API-key, IP, or permissions for action."}
BOT_RESET_PNL | pnl_today resetado às 7h
BOT_ERRO | binance {"code":-2015,"msg":"Invalid API-key, IP, or permissions for action."}
CEO_PROACTIVO | Briefing matinal iniciado
MENSAGEM | És o Morgan CEO. São 7h de 11/07/2026. Revê o estado do império e decide o que fazer hoje.

Estado d
RESPOSTA | CEO — Briefing 11/07/2026

---

**O que aconteceu:**
Sistema estável durante a noite. O trading bot 
IMPERIO_ACTUALIZADO | Conversa com Vasco: És o Morgan CEO. São 7h de 11/07/2026. Revê o estado do impé
CEO_PROACTIVO | Briefing matinal enviado — 11/07/2026
SCOUT_MENSAGEM | [CEO solicitou] Briefing CEO 11/07/2026: análise de oportunidades ativas
TOOL | monitorizar_oportunidades_aprovadas | {}
TOOL | ver_historico_scout | {}
TOOL | indiehackers_trending | {}
TOOL | hacker_news_trending | {}
SCOUT_RESPOSTA | Agora analiso os dados e produzo o briefing.

---

# Morgan AI Scout — Briefing CEO
**11 de julho de
CEO_CONVOCAR_SCOUT | Scout convocado proativamente — 11/07/2026
SOLVER_MENSAGEM | [CEO solicitou] Briefing CEO 11/07/2026: verificação de saúde do sistema
TOOL | solver_git_log | {}
TOOL | solver_verificar_saude | {}
TOOL | solver_analisar_logs | {'linhas': 50}
SOLVER_RESPOSTA | ---

# Morgan Solver — Briefing de Saúde
**11 de julho de 2026**

---

## Estado geral: ESTAVEL com 
CEO_CONVOCAR_SOLVER | Solver convocado proativamente — 11/07/2026
BOT_RESET_PNL | pnl_today resetado às 7h
BOT_ERRO | binance {"code":-2015,"msg":"Invalid API-key, IP, or permissions for action."}
HEARTBEAT | Briefing das 7h iniciado
HEARTBEAT_CHECK | moreirense_jogos
TOOL | proximos_jogos | {'equipa': 'Moreirense'}
TOOL | resultados_recentes | {'equipa': 'Moreirense'}
HEARTBEAT_NADA | moreirense_jogos
HEARTBEAT_CHECK | meteo_manha
TOOL | pesquisar_web | {'query': 'tempo meteorológico hoje 11 julho 2026 Moreira de Cónegos Portugal temperatura'}
HEARTBEAT_ENVIADO | ☀️ **Tempo hoje em Moreira de Cónegos (11 jul)**
**Máx. 29-3
HEARTBEAT_CHECK | moreirense_noticias
TOOL | pesquisar_web | {'query': 'Moreirense FC notícias julho 2026'}
TOOL | pesquisar_web | {'query': 'Moreirense FC transferências lesões declarações 2026'}
HEARTBEAT_ENVIADO | Aqui está o resumo das novidades mais recentes, Vasco:

---

HEARTBEAT_CHECK | mencoes_vasco
TOOL | monitorizar_nome | {'nome': 'Vasco Botelho da Costa'}
HEARTBEAT_ENVIADO | Aqui está o resumo das menções encontradas, Vasco:

---

## 
BOT_RESET_PNL | pnl_today resetado às 7h
BOT_ERRO | binance {"code":-2015,"msg":"Invalid API-key, IP, or permissions for action."}
BOT_RESET_PNL | pnl_today resetado às 7h
BOT_ERRO | binance {"code":-2015,"msg":"Invalid API-key, IP, or permissions for action."}
BOT_RESET_PNL | pnl_today resetado às 7h
BOT_ERRO | binance {"code":-2015,"msg":"Invalid API-key, IP, or permissions for action."}
BOT_RESET_PNL | pnl_today resetado às 7h
BOT_ERRO | binance {"code":-2015,"msg":"Invalid API-key, IP, or permissions for action."}
BOT_RESET_PNL | pnl_today resetado às 7h
BOT_ERRO | binance {"code":-2015,"msg":"Invalid API-key, IP, or permissions for action."}
BOT_RESET_PNL | pnl_today resetado às 7h
BOT_ERRO | binance {"code":-2015,"msg":"Invalid API-key, IP, or permissions for action."}
BOT_RESET_PNL | pnl_today resetado às 7h
BOT_ERRO | binance {"code":-2015,"msg":"Invalid API-key, IP, or permissions for action."}
BOT_RESET_PNL | pnl_today resetado às 7h
BOT_ERRO | binance {"code":-2015,"msg":"Invalid API-key, IP, or permissions for action."}
BOT_RESET_PNL | pnl_today resetado às 7h
BOT_ERRO | binance {"code":-2015,"msg":"Invalid API-key, IP, or permissions for action."}
BOT_RESET_PNL | pnl_today resetado às 7h
BOT_ERRO | binance {"code":-2015,"msg":"Invalid API-key, IP, or permissions for action."}
BOT_RESET_PNL | pnl_today resetado às 7h
BOT_ERRO | binance {"code":-2015,"msg":"Invalid API-key, IP, or permissions for action."}
BOT_RESET_PNL | pnl_today resetado às 7h
BOT_ERRO | binance {"code":-2015,"msg":"Invalid API-key, IP, or permissions for action."}
BOT_RESET_PNL | pnl_today resetado às 7h
BOT_ERRO | binance {"code":-2015,"msg":"Invalid API-key, IP, or permissions for action."}
BOT_RESET_PNL | pnl_today resetado às 7h
BOT_ERRO | binance {"code":-2015,"msg":"Invalid API-key, IP, or permissions for action."}
BOT_RESET_PNL | pnl_today resetado às 7h
BOT_ERRO | binance {"code":-2015,"msg":"Invalid API-key, IP, or permissions for action."}
BOT_RESET_PNL | pnl_today resetado às 7h
BOT_ERRO | binance {"code":-2015,"msg":"Invalid API-key, IP, or permissions for action."}
BOT_RESET_PNL | pnl_today resetado às 7h
BOT_ERRO | binance {"code":-2015,"msg":"Invalid API-key, IP, or permissions for action."}
BOT_RESET_PNL | pnl_today resetado às 7h
BOT_ERRO | binance {"code":-2015,"msg":"Invalid API-key, IP, or permissions for action."}
BOT_RESET_PNL | pnl_today resetado às 7h
BOT_ERRO | binance {"code":-2015,"msg":"Invalid API-key, IP, or permissions for action."}
BOT_RESET_PNL | pnl_today resetado às 7h
BOT_ERRO | binance {"code":-2015,"msg":"Invalid API-key, IP, or permissions for action."}
BOT_RESET_PNL | pnl_today resetado às 7h
BOT_ERRO | binance {"code":-2015,"msg":"Invalid API-key, IP, or permissions for action."}
BOT_RESET_PNL | pnl_today resetado às 7h
BOT_ERRO | binance {"code":-2015,"msg":"Invalid API-key, IP, or permissions for action."}
BOT_RESET_PNL | pnl_today resetado às 7h
BOT_ERRO | binance {"code":-2015,"msg":"Invalid API-key, IP, or permissions for action."}
BOT_RESET_PNL | pnl_today resetado às 7h
BOT_ERRO | binance {"code":-2015,"msg":"Invalid API-key, IP, or permissions for action."}
BOT_RESET_PNL | pnl_today resetado às 7h
BOT_ERRO | binance {"code":-2015,"msg":"Invalid API-key, IP, or permissions for action."}
BOT_RESET_PNL | pnl_today resetado às 7h
BOT_ERRO | binance {"code":-2015,"msg":"Invalid API-key, IP, or permissions for action."}
BOT_RESET_PNL | pnl_today resetado às 7h
BOT_RESET_PNL | pnl_today resetado às 7h
BOT_RESET_PNL | pnl_today resetado às 7h
BOT_RESET_PNL | pnl_today resetado às 7h
TELEGRAM | Polling iniciado
MENSAGEM | Estas a funcionar morgan?
RESPOSTA | Sim, estou a funcionar.

Telegram operacional, memória activa, todas as ferramentas disponíveis.

O 
MENSAGEM | Ola morgan
RESPOSTA | Olá Vasco. Tudo bem?
HEARTBEAT | Iniciado — briefings às 7h e 20h, scout aos domingos às 20h
BOT_RESET_PNL | pnl_today resetado às 7h
BOT_RESET_PNL | pnl_today resetado às 7h
BOT_RESET_PNL | pnl_today resetado às 7h
BOT_RESET_PNL | pnl_today resetado às 7h
BOT_RESET_PNL | pnl_today resetado às 7h
BOT_RESET_PNL | pnl_today resetado às 7h
BOT_RESET_PNL | pnl_today resetado às 7h
BOT_RESET_PNL | pnl_today resetado às 7h
BOT_RESET_PNL | pnl_today resetado às 7h
BOT_RESET_PNL | pnl_today resetado às 7h
BOT_RESET_PNL | pnl_today resetado às 7h
TELEGRAM | Polling iniciado
HEARTBEAT | Iniciado — briefings às 7h e 20h, scout aos domingos às 20h
TELEGRAM | Polling iniciado
TELEGRAM | Polling iniciado
HEARTBEAT | Iniciado — briefings às 7h e 20h, scout aos domingos às 20h
TELEGRAM | Polling iniciado
HEARTBEAT | Iniciado — briefings às 7h e 20h, scout aos domingos às 20h
MENSAGEM | Ola morgab
RESPOSTA | Olá Vasco. Aqui estou.
